\BOOKMARK [0][-]{Item.2}{\376\377\144\130\211\201}{}% 1
\BOOKMARK [0][-]{Item.4}{\376\377\000A\000B\000S\000T\000R\000A\000C\000T}{}% 2
\BOOKMARK [0][-]{chapter.1}{\376\377\176\352\213\272}{}% 3
\BOOKMARK [1][-]{section.1.1}{\376\377\170\024\172\166\200\314\146\157\116\016\141\017\116\111}{chapter.1}% 4
\BOOKMARK [1][-]{section.1.2}{\376\377\126\375\121\205\131\026\170\024\172\166\163\260\162\266}{chapter.1}% 5
\BOOKMARK [2][-]{subsection.1.2.1}{\376\377\155\101\126\372\200\046\124\010\116\377\167\037}{section.1.2}% 6
\BOOKMARK [2][-]{subsection.1.2.2}{\376\377\162\151\215\050\160\271\154\325}{section.1.2}% 7
\BOOKMARK [2][-]{subsection.1.2.3}{\376\377\201\352\220\002\136\224\177\121\150\074\173\227\154\325}{section.1.2}% 8
\BOOKMARK [1][-]{section.1.3}{\376\377\170\024\172\166\166\356\150\007\124\214\121\205\133\271}{chapter.1}% 9
\BOOKMARK [1][-]{section.1.4}{\376\377\213\272\145\207\176\304\176\307\176\323\147\204}{chapter.1}% 10
\BOOKMARK [0][-]{chapter.2}{\376\377\166\370\121\163\151\202\137\365\123\312\142\200\147\057}{}% 11
\BOOKMARK [1][-]{section.2.1}{\376\377\147\054\147\204\152\041\127\213}{chapter.2}% 12
\BOOKMARK [1][-]{section.2.2}{\376\377\162\151\215\050\160\271\154\325}{chapter.2}% 13
\BOOKMARK [2][-]{subsection.2.2.1}{\376\377\154\102\211\343\153\145\232\244}{section.2.2}% 14
\BOOKMARK [2][-]{subsection.2.2.2}{\376\377\174\222\133\120\177\121\150\074\117\040\217\223\173\227\154\325}{section.2.2}% 15
\BOOKMARK [0][-]{chapter.3}{\376\377\122\006\211\343\121\174\133\271\116\377\134\004\174\222\133\120\177\121\150\074\377\010\000D\000C\000-\000A\000P\000I\000C\377\011\171\357\122\006\126\150}{}% 16
\BOOKMARK [1][-]{section.3.1}{\376\377\174\222\133\120\116\016\177\121\150\074\166\204\121\174\133\271\140\047}{chapter.3}% 17
\BOOKMARK [1][-]{section.3.2}{\376\377\174\222\133\120\000-\177\121\150\074\117\040\217\223\173\227\154\325}{chapter.3}% 18
\BOOKMARK [2][-]{subsection.3.2.1}{\376\377\000D\000C\000-\000A\000P\000I\000C\174\222\133\120\122\060\177\121\150\074\117\040\217\223\173\227\154\325}{section.3.2}% 19
\BOOKMARK [2][-]{subsection.3.2.2}{\376\377\000D\000C\000-\000A\000P\000I\000C\177\121\150\074\122\060\174\222\133\120\117\040\217\223\173\227\154\325}{section.3.2}% 20
\BOOKMARK [1][-]{section.3.3}{\376\377\127\372\116\216\000D\000C\000-\000A\000P\000I\000C\117\040\217\223\173\227\154\325\166\204\000M\000P\000M\135\345\117\134\155\101\172\013}{chapter.3}% 21
\BOOKMARK [2][-]{subsection.3.3.1}{\376\377\165\114\227\142\117\341\140\157\213\241\173\227}{section.3.3}% 22
\BOOKMARK [2][-]{subsection.3.3.2}{\376\377\154\325\124\021\221\317\117\060\213\241}{section.3.3}% 23
\BOOKMARK [1][-]{section.3.4}{\376\377\133\236\232\214\176\323\147\234\116\016\122\006\147\220}{chapter.3}% 24
\BOOKMARK [1][-]{section.3.5}{\376\377\147\054\172\340\134\017\202\202}{chapter.3}% 25
\BOOKMARK [0][-]{section.3.5}{\376\377\123\302\200\003\145\207\163\056}{}% 26
\BOOKMARK [0][-]{chapter*.20}{\376\377\201\364\214\042}{}% 27
\BOOKMARK [0][-]{section*.22}{\376\377\123\321\210\150\213\272\145\207\124\214\171\321\170\024\140\305\121\265}{}% 28
